Build started 11/16/2018 3:02:55 PM.
     1>Project "D:\DS\DE-QUEUE WITH DOUBLE LINK LIST\DE-QUEUE WITH DOUBLE LINK LIST\DE-QUEUE WITH DOUBLE LINK LIST.vcxproj" on node 2 (build target(s)).
     1>InitializeBuildStatus:
         Creating "Debug\DE-QUEUE WITH DOUBLE LINK LIST.unsuccessfulbuild" because "AlwaysCreate" was specified.
       ClCompile:
         C:\Program Files (x86)\Microsoft Visual Studio 10.0\VC\bin\CL.exe /c /ZI /nologo /W3 /WX- /Od /Oy- /D WIN32 /D _DEBUG /D _CONSOLE /D _UNICODE /D UNICODE /Gm /EHsc /RTC1 /MDd /GS /fp:precise /Zc:wchar_t /Zc:forScope /Fo"Debug\\" /Fd"Debug\vc100.pdb" /Gd /TP /analyze- /errorReport:prompt DE_QUEUE.cpp main.cpp
         DE_QUEUE.cpp
         Generating Code...
         Skipping... (no relevant changes detected)
         main.cpp
       ManifestResourceCompile:
         All outputs are up-to-date.
       Link:
         C:\Program Files (x86)\Microsoft Visual Studio 10.0\VC\bin\link.exe /ERRORREPORT:PROMPT /OUT:"D:\DS\DE-QUEUE WITH DOUBLE LINK LIST\Debug\DE-QUEUE WITH DOUBLE LINK LIST.exe" /INCREMENTAL /NOLOGO kernel32.lib user32.lib gdi32.lib winspool.lib comdlg32.lib advapi32.lib shell32.lib ole32.lib oleaut32.lib uuid.lib odbc32.lib odbccp32.lib /MANIFEST /ManifestFile:"Debug\DE-QUEUE WITH DOUBLE LINK LIST.exe.intermediate.manifest" /MANIFESTUAC:"level='asInvoker' uiAccess='false'" /DEBUG /PDB:"D:\DS\DE-QUEUE WITH DOUBLE LINK LIST\Debug\DE-QUEUE WITH DOUBLE LINK LIST.pdb" /SUBSYSTEM:CONSOLE /TLBID:1 /DYNAMICBASE /NXCOMPAT /IMPLIB:"D:\DS\DE-QUEUE WITH DOUBLE LINK LIST\Debug\DE-QUEUE WITH DOUBLE LINK LIST.lib" /MACHINE:X86 "Debug\DE-QUEUE WITH DOUBLE LINK LIST.exe.embed.manifest.res"
         Debug\DE_QUEUE.obj
         Debug\main.obj
       Manifest:
         C:\Program Files (x86)\Microsoft SDKs\Windows\v7.0A\bin\mt.exe /nologo /verbose /out:"Debug\DE-QUEUE WITH DOUBLE LINK LIST.exe.embed.manifest" /manifest "Debug\DE-QUEUE WITH DOUBLE LINK LIST.exe.intermediate.manifest"
         All outputs are up-to-date.
       LinkEmbedManifest:
         All outputs are up-to-date.
         DE-QUEUE WITH DOUBLE LINK LIST.vcxproj -> D:\DS\DE-QUEUE WITH DOUBLE LINK LIST\Debug\DE-QUEUE WITH DOUBLE LINK LIST.exe
       FinalizeBuildStatus:
         Deleting file "Debug\DE-QUEUE WITH DOUBLE LINK LIST.unsuccessfulbuild".
         Touching "Debug\DE-QUEUE WITH DOUBLE LINK LIST.lastbuildstate".
     1>Done Building Project "D:\DS\DE-QUEUE WITH DOUBLE LINK LIST\DE-QUEUE WITH DOUBLE LINK LIST\DE-QUEUE WITH DOUBLE LINK LIST.vcxproj" (build target(s)).

Build succeeded.

Time Elapsed 00:00:02.57
